Arguments: 
  /Users/B3HR4D/.nvm/versions/node/v16.17.0/bin/node /opt/homebrew/bin/yarn add @coinbase/wallet-sdk @ethersproject/experimental @rematch/core @rematch/loading @walletconnect/ethereum-provider @walletconnect/jsonrpc-http-connection @walletconnect/jsonrpc-provider @web3-react/abstract-connector @web3-react/coinbase-wallet @web3-react/metamask @web3-react/network @web3-react/store @web3-react/types @web3-react/types8 @web3-react/url @web3-react/walletconnect ethers react react-dom react-redux redux tronweb

PATH: 
  /Users/B3HR4D/.nvm/versions/node/v16.17.0/bin:/Users/B3HR4D/Library/pnpm:/opt/homebrew/bin:/opt/homebrew/sbin:/usr/local/bin:/System/Cryptexes/App/usr/bin:/usr/bin:/bin:/usr/sbin:/sbin:/Users/B3HR4D/.nvm/versions/node/v16.17.0/bin:/Users/B3HR4D/Library/pnpm:/opt/homebrew/bin:/opt/homebrew/sbin:/Users/B3HR4D/.cargo/bin:/Users/B3HR4D/.cloud/Documents/Backup/config/git:/Users/B3HR4D/.mysh:/Users/B3HR4D/.yarn/bin:/Users/B3HR4D/.cloud/Documents/Backup/config/git:/Users/B3HR4D/.mysh

Yarn version: 
  1.22.19

Node version: 
  16.17.0

Platform: 
  darwin arm64

Trace: 
  Error: https://registry.yarnpkg.com/@web3-react%2ftypes8: Not found
      at Request.params.callback [as _callback] (/opt/homebrew/lib/node_modules/yarn/lib/cli.js:66145:18)
      at Request.self.callback (/opt/homebrew/lib/node_modules/yarn/lib/cli.js:140890:22)
      at Request.emit (node:events:513:28)
      at Request.<anonymous> (/opt/homebrew/lib/node_modules/yarn/lib/cli.js:141862:10)
      at Request.emit (node:events:513:28)
      at IncomingMessage.<anonymous> (/opt/homebrew/lib/node_modules/yarn/lib/cli.js:141784:12)
      at Object.onceWrapper (node:events:627:28)
      at IncomingMessage.emit (node:events:525:35)
      at endReadableNT (node:internal/streams/readable:1358:12)
      at processTicksAndRejections (node:internal/process/task_queues:83:21)

npm manifest: 
  {
    "name": "hivpn-app",
    "version": "2.0.0",
    "repository": "git@github.com:b3hr4d/hivpn-app.git",
    "author": "b3hr4d <behradmusiclove@yahoo.com>",
    "license": "MIT",
    "scripts": {
      "start": "webpack-dev-server --open --mode=production --hot",
      "start-dev": "webpack-dev-server --open --mode=development --hot",
      "build": "npm version patch && rm -rf ./dist && webpack --mode=development && webpack --mode=production"
    },
    "dependencies": {
      "@coinbase/wallet-sdk": "^3.6.3",
      "@ethersproject/experimental": "^5.7.0",
      "@rematch/core": "^2.2.0",
      "@rematch/loading": "^2.1.2",
      "@walletconnect/ethereum-provider": "^1.8.0",
      "@walletconnect/jsonrpc-http-connection": "^1.0.3",
      "@walletconnect/jsonrpc-provider": "^1.0.5",
      "@web3-react/abstract-connector": "^6.0.7",
      "@web3-react/coinbase-wallet": "8.0.34-beta.0",
      "@web3-react/metamask": "8.0.28-beta.0",
      "@web3-react/network": "8.0.27-beta.0",
      "@web3-react/store": "8.0.25-beta.0",
      "@web3-react/types": "^6.0.7",
      "@web3-react/types8": "npm:@web3-react/types@^8.0.20-beta.0",
      "@web3-react/url": "8.0.25-beta.0",
      "@web3-react/walletconnect": "8.0.35-beta.0",
      "ethers": "^5.7.2",
      "react": "^18.2.0",
      "react-dom": "^18.2.0",
      "react-redux": "^8.0.5",
      "redux": "^4.2.0",
      "tronweb": "^5.0.0"
    },
    "devDependencies": {
      "@babel/core": "^7.18.13",
      "@babel/preset-env": "^7.18.10",
      "@babel/preset-react": "^7.18.6",
      "@types/react": "^18.0.18",
      "@types/react-dom": "^18.0.6",
      "awesome-typescript-loader": "^5.2.1",
      "babel-loader": "^8.2.5",
      "css-loader": "^6.7.1",
      "html-webpack-plugin": "^5.5.0",
      "style-loader": "^3.3.1",
      "tiny-invariant": "^1.3.1",
      "tiny-warning": "^1.0.3",
      "ts-loader": "^9.3.1",
      "typescript": "^4.8.2",
      "url-loader": "^4.1.1",
      "webpack": "^5.74.0",
      "webpack-cli": "^4.10.0",
      "webpack-dev-server": "^4.10.1"
    }
  }

yarn manifest: 
  No manifest

Lockfile: 
  No lockfile
